ISim log file
Running: \\userspace.cae.wisc.edu\people\j\jtruelove\Git\Tronsister\Tronsistor32_tb_isim_beh.exe -intstyle ise -gui -tclbatch isim.cmd -wdb I:/Git/Tronsister/Tronsistor32_tb_isim_beh.wdb 
ISim P.20131013 (signature 0x7708f090)
This is a Full version of ISim.
WARNING:  For instance tronsistor/CPU/, width 1 of formal port stack_overflow_intr is not equal to width 32 of actual constant.
WARNING: File "//userspace.cae.wisc.edu/people/j/jtruelove/Git/Tronsister/PPU/OAM.v" Line 30.  For instance oam/oam0/, width 1 of formal port wea is not equal to width 4 of actual signal w_enable.
Time resolution is 1 ps
# onerror resume
# wave add /
# run 1000 ns
Simulator is doing circuit initialization process.
 Block Memory Generator CORE Generator module loading initial data...
 Block Memory Generator data initialization complete.
Block Memory Generator CORE Generator module Tronsistor32_tb.tronsistor.CPU.Memory_Interface.Memory.inst.\native_mem_mapped_module.blk_mem_gen_v7_3_inst  is using a behavioral model for simulation which will not precisely model memory collision behavior.
Block Memory Generator CORE Generator module Tronsistor32_tb.tronsistor.PPU.oamb.buffa.inst.\native_mem_module.blk_mem_gen_v7_3_inst  is using a behavioral model for simulation which will not precisely model memory collision behavior.
Block Memory Generator CORE Generator module Tronsistor32_tb.tronsistor.PPU.oam.oam0.inst.\native_mem_module.blk_mem_gen_v7_3_inst  is using a behavioral model for simulation which will not precisely model memory collision behavior.
 Block Memory Generator CORE Generator module loading initial data...
 Block Memory Generator data initialization complete.
Block Memory Generator CORE Generator module Tronsistor32_tb.tronsistor.PPU.sprite_pt.tbl.inst.\native_mem_module.blk_mem_gen_v7_3_inst  is using a behavioral model for simulation which will not precisely model memory collision behavior.
 Block Memory Generator CORE Generator module loading initial data...
 Block Memory Generator data initialization complete.
Block Memory Generator CORE Generator module Tronsistor32_tb.tronsistor.PPU.bg_pt.tbl.inst.\native_mem_module.blk_mem_gen_v7_3_inst  is using a behavioral model for simulation which will not precisely model memory collision behavior.
Block Memory Generator CORE Generator module Tronsistor32_tb.tronsistor.PPU.bg_tt.tbl.inst.\native_mem_module.blk_mem_gen_v7_3_inst  is using a behavioral model for simulation which will not precisely model memory collision behavior.
Block Memory Generator CORE Generator module Tronsistor32_tb.tronsistor.PPU.bg_at.tbl.inst.\native_mem_module.blk_mem_gen_v7_3_inst  is using a behavioral model for simulation which will not precisely model memory collision behavior.
 Block Memory Generator CORE Generator module loading initial data...
 Block Memory Generator data initialization complete.
Block Memory Generator CORE Generator module Tronsistor32_tb.tronsistor.PPU.color_pal.pal.inst.\native_mem_module.blk_mem_gen_v7_3_inst  is using a behavioral model for simulation which will not precisely model memory collision behavior.
Finished circuit initialization process.
# restart
# run 5ms
Simulator is doing circuit initialization process.
 Block Memory Generator CORE Generator module loading initial data...
 Block Memory Generator data initialization complete.
Block Memory Generator CORE Generator module Tronsistor32_tb.tronsistor.CPU.Memory_Interface.Memory.inst.\native_mem_mapped_module.blk_mem_gen_v7_3_inst  is using a behavioral model for simulation which will not precisely model memory collision behavior.
Block Memory Generator CORE Generator module Tronsistor32_tb.tronsistor.PPU.oamb.buffa.inst.\native_mem_module.blk_mem_gen_v7_3_inst  is using a behavioral model for simulation which will not precisely model memory collision behavior.
Block Memory Generator CORE Generator module Tronsistor32_tb.tronsistor.PPU.oam.oam0.inst.\native_mem_module.blk_mem_gen_v7_3_inst  is using a behavioral model for simulation which will not precisely model memory collision behavior.
 Block Memory Generator CORE Generator module loading initial data...
 Block Memory Generator data initialization complete.
Block Memory Generator CORE Generator module Tronsistor32_tb.tronsistor.PPU.sprite_pt.tbl.inst.\native_mem_module.blk_mem_gen_v7_3_inst  is using a behavioral model for simulation which will not precisely model memory collision behavior.
 Block Memory Generator CORE Generator module loading initial data...
 Block Memory Generator data initialization complete.
Block Memory Generator CORE Generator module Tronsistor32_tb.tronsistor.PPU.bg_pt.tbl.inst.\native_mem_module.blk_mem_gen_v7_3_inst  is using a behavioral model for simulation which will not precisely model memory collision behavior.
Block Memory Generator CORE Generator module Tronsistor32_tb.tronsistor.PPU.bg_tt.tbl.inst.\native_mem_module.blk_mem_gen_v7_3_inst  is using a behavioral model for simulation which will not precisely model memory collision behavior.
Block Memory Generator CORE Generator module Tronsistor32_tb.tronsistor.PPU.bg_at.tbl.inst.\native_mem_module.blk_mem_gen_v7_3_inst  is using a behavioral model for simulation which will not precisely model memory collision behavior.
 Block Memory Generator CORE Generator module loading initial data...
 Block Memory Generator data initialization complete.
Block Memory Generator CORE Generator module Tronsistor32_tb.tronsistor.PPU.color_pal.pal.inst.\native_mem_module.blk_mem_gen_v7_3_inst  is using a behavioral model for simulation which will not precisely model memory collision behavior.
Finished circuit initialization process.
